{
  "RSpec": {
    "coverage": {
      "/Users/rodrigochavez/turing_work/4mod/intermission_work/tea_subscription/config/environment.rb": {
        "lines": [
          null,
          1,
          null,
          null,
          1
        ]
      },
      "/Users/rodrigochavez/turing_work/4mod/intermission_work/tea_subscription/config/application.rb": {
        "lines": [
          1,
          null,
          1,
          null,
          1,
          1,
          1,
          1,
          1,
          1,
          1,
          1,
          1,
          1,
          null,
          null,
          null,
          null,
          1,
          null,
          1,
          1,
          null,
          1,
          null,
          null,
          null,
          null,
          1,
          null,
          null,
          null,
          null,
          null,
          null,
          null,
          null,
          null,
          null,
          null,
          null,
          1,
          null,
          null
        ]
      },
      "/Users/rodrigochavez/turing_work/4mod/intermission_work/tea_subscription/config/boot.rb": {
        "lines": [
          1,
          null,
          1,
          1
        ]
      },
      "/Users/rodrigochavez/turing_work/4mod/intermission_work/tea_subscription/config/environments/test.rb": {
        "lines": [
          1,
          null,
          null,
          null,
          null,
          null,
          null,
          1,
          null,
          null,
          null,
          1,
          null,
          null,
          null,
          null,
          null,
          1,
          null,
          null,
          1,
          1,
          null,
          null,
          null,
          null,
          1,
          1,
          1,
          null,
          null,
          1,
          null,
          null,
          1,
          null,
          null,
          1,
          null,
          1,
          null,
          null,
          null,
          null,
          1,
          null,
          null,
          1,
          null,
          null,
          1,
          null,
          null,
          1,
          null,
          null,
          null,
          null,
          null,
          null,
          null,
          null,
          1,
          null
        ]
      },
      "/Users/rodrigochavez/turing_work/4mod/intermission_work/tea_subscription/config/initializers/cors.rb": {
        "lines": [
          null,
          null,
          null,
          null,
          null,
          null,
          null,
          null,
          null,
          null,
          null,
          null,
          null,
          null,
          null,
          null
        ]
      },
      "/Users/rodrigochavez/turing_work/4mod/intermission_work/tea_subscription/config/initializers/filter_parameter_logging.rb": {
        "lines": [
          null,
          null,
          null,
          null,
          null,
          1,
          null,
          null
        ]
      },
      "/Users/rodrigochavez/turing_work/4mod/intermission_work/tea_subscription/config/initializers/inflections.rb": {
        "lines": [
          null,
          null,
          null,
          null,
          null,
          null,
          null,
          null,
          null,
          null,
          null,
          null,
          null,
          null,
          null,
          null
        ]
      },
      "/Users/rodrigochavez/turing_work/4mod/intermission_work/tea_subscription/config/routes.rb": {
        "lines": [
          1,
          null,
          null,
          null,
          null,
          1,
          null,
          null,
          null,
          null
        ]
      },
      "/Users/rodrigochavez/turing_work/4mod/intermission_work/tea_subscription/app/models/customer.rb": {
        "lines": [
          1,
          1,
          1,
          1,
          null,
          1,
          null
        ]
      },
      "/Users/rodrigochavez/turing_work/4mod/intermission_work/tea_subscription/app/models/application_record.rb": {
        "lines": [
          1,
          1,
          null
        ]
      },
      "/Users/rodrigochavez/turing_work/4mod/intermission_work/tea_subscription/spec/models/subscription_spec.rb": {
        "lines": [
          1,
          null,
          1,
          null,
          1,
          null,
          2,
          2,
          2,
          2,
          null,
          2,
          2,
          null,
          null,
          null
        ]
      },
      "/Users/rodrigochavez/turing_work/4mod/intermission_work/tea_subscription/app/models/subscription.rb": {
        "lines": [
          1,
          1,
          null,
          null,
          1,
          1,
          1,
          1,
          null
        ]
      },
      "/Users/rodrigochavez/turing_work/4mod/intermission_work/tea_subscription/spec/models/tea_spec.rb": {
        "lines": [
          1,
          null,
          1,
          1,
          2,
          2,
          2,
          2,
          null,
          2,
          null,
          null
        ]
      },
      "/Users/rodrigochavez/turing_work/4mod/intermission_work/tea_subscription/app/models/tea.rb": {
        "lines": [
          1,
          1,
          1,
          null,
          1,
          1,
          null
        ]
      },
      "/Users/rodrigochavez/turing_work/4mod/intermission_work/tea_subscription/spec/models/tea_sub_spec.rb": {
        "lines": [
          1,
          null,
          1,
          null,
          2,
          2,
          null
        ]
      },
      "/Users/rodrigochavez/turing_work/4mod/intermission_work/tea_subscription/app/models/tea_sub.rb": {
        "lines": [
          1,
          1,
          1,
          null
        ]
      }
    },
    "timestamp": 1723333470
  }
}
